This is pdfTeX, Version 3.1415926-1.40.10 (TeX Live 2009/Debian) (format=latex 2012.7.26)  13 MAY 2013 15:54
entering extended mode
 %&-line parsing enabled.
**Trabajo.tex
(./Trabajo.tex
LaTeX2e <2009/09/24>
Babel <v3.8l> and hyphenation patterns for english, usenglishmax, dumylang, noh
yphenation, loaded.
(/usr/share/texmf-texlive/tex/latex/base/report.cls
Document Class: report 2007/10/19 v1.4h Standard LaTeX document class
(/usr/share/texmf-texlive/tex/latex/base/size11.clo
File: size11.clo 2007/10/19 v1.4h Standard LaTeX file (size option)
)
\c@part=\count79
\c@chapter=\count80
\c@section=\count81
\c@subsection=\count82
\c@subsubsection=\count83
\c@paragraph=\count84
\c@subparagraph=\count85
\c@figure=\count86
\c@table=\count87
\abovecaptionskip=\skip41
\belowcaptionskip=\skip42
\bibindent=\dimen102
)
(/usr/share/texmf-texlive/tex/latex/base/inputenc.sty
Package: inputenc 2008/03/30 v1.1d Input encoding file
\inpenc@prehook=\toks14
\inpenc@posthook=\toks15

(/usr/share/texmf-texlive/tex/latex/base/utf8.def
File: utf8.def 2008/04/05 v1.1m UTF-8 support for inputenc
Now handling font encoding OML ...
... no UTF-8 mapping file for font encoding OML
Now handling font encoding T1 ...
... processing UTF-8 mapping file for font encoding T1

(/usr/share/texmf-texlive/tex/latex/base/t1enc.dfu
File: t1enc.dfu 2008/04/05 v1.1m UTF-8 support for inputenc
   defining Unicode char U+00A1 (decimal 161)
   defining Unicode char U+00A3 (decimal 163)
   defining Unicode char U+00AB (decimal 171)
   defining Unicode char U+00BB (decimal 187)
   defining Unicode char U+00BF (decimal 191)
   defining Unicode char U+00C0 (decimal 192)
   defining Unicode char U+00C1 (decimal 193)
   defining Unicode char U+00C2 (decimal 194)
   defining Unicode char U+00C3 (decimal 195)
   defining Unicode char U+00C4 (decimal 196)
   defining Unicode char U+00C5 (decimal 197)
   defining Unicode char U+00C6 (decimal 198)
   defining Unicode char U+00C7 (decimal 199)
   defining Unicode char U+00C8 (decimal 200)
   defining Unicode char U+00C9 (decimal 201)
   defining Unicode char U+00CA (decimal 202)
   defining Unicode char U+00CB (decimal 203)
   defining Unicode char U+00CC (decimal 204)
   defining Unicode char U+00CD (decimal 205)
   defining Unicode char U+00CE (decimal 206)
   defining Unicode char U+00CF (decimal 207)
   defining Unicode char U+00D0 (decimal 208)
   defining Unicode char U+00D1 (decimal 209)
   defining Unicode char U+00D2 (decimal 210)
   defining Unicode char U+00D3 (decimal 211)
   defining Unicode char U+00D4 (decimal 212)
   defining Unicode char U+00D5 (decimal 213)
   defining Unicode char U+00D6 (decimal 214)
   defining Unicode char U+00D8 (decimal 216)
   defining Unicode char U+00D9 (decimal 217)
   defining Unicode char U+00DA (decimal 218)
   defining Unicode char U+00DB (decimal 219)
   defining Unicode char U+00DC (decimal 220)
   defining Unicode char U+00DD (decimal 221)
   defining Unicode char U+00DE (decimal 222)
   defining Unicode char U+00DF (decimal 223)
   defining Unicode char U+00E0 (decimal 224)
   defining Unicode char U+00E1 (decimal 225)
   defining Unicode char U+00E2 (decimal 226)
   defining Unicode char U+00E3 (decimal 227)
   defining Unicode char U+00E4 (decimal 228)
   defining Unicode char U+00E5 (decimal 229)
   defining Unicode char U+00E6 (decimal 230)
   defining Unicode char U+00E7 (decimal 231)
   defining Unicode char U+00E8 (decimal 232)
   defining Unicode char U+00E9 (decimal 233)
   defining Unicode char U+00EA (decimal 234)
   defining Unicode char U+00EB (decimal 235)
   defining Unicode char U+00EC (decimal 236)
   defining Unicode char U+00ED (decimal 237)
   defining Unicode char U+00EE (decimal 238)
   defining Unicode char U+00EF (decimal 239)
   defining Unicode char U+00F0 (decimal 240)
   defining Unicode char U+00F1 (decimal 241)
   defining Unicode char U+00F2 (decimal 242)
   defining Unicode char U+00F3 (decimal 243)
   defining Unicode char U+00F4 (decimal 244)
   defining Unicode char U+00F5 (decimal 245)
   defining Unicode char U+00F6 (decimal 246)
   defining Unicode char U+00F8 (decimal 248)
   defining Unicode char U+00F9 (decimal 249)
   defining Unicode char U+00FA (decimal 250)
   defining Unicode char U+00FB (decimal 251)
   defining Unicode char U+00FC (decimal 252)
   defining Unicode char U+00FD (decimal 253)
   defining Unicode char U+00FE (decimal 254)
   defining Unicode char U+00FF (decimal 255)
   defining Unicode char U+0102 (decimal 258)
   defining Unicode char U+0103 (decimal 259)
   defining Unicode char U+0104 (decimal 260)
   defining Unicode char U+0105 (decimal 261)
   defining Unicode char U+0106 (decimal 262)
   defining Unicode char U+0107 (decimal 263)
   defining Unicode char U+010C (decimal 268)
   defining Unicode char U+010D (decimal 269)
   defining Unicode char U+010E (decimal 270)
   defining Unicode char U+010F (decimal 271)
   defining Unicode char U+0110 (decimal 272)
   defining Unicode char U+0111 (decimal 273)
   defining Unicode char U+0118 (decimal 280)
   defining Unicode char U+0119 (decimal 281)
   defining Unicode char U+011A (decimal 282)
   defining Unicode char U+011B (decimal 283)
   defining Unicode char U+011E (decimal 286)
   defining Unicode char U+011F (decimal 287)
   defining Unicode char U+0130 (decimal 304)
   defining Unicode char U+0131 (decimal 305)
   defining Unicode char U+0132 (decimal 306)
   defining Unicode char U+0133 (decimal 307)
   defining Unicode char U+0139 (decimal 313)
   defining Unicode char U+013A (decimal 314)
   defining Unicode char U+013D (decimal 317)
   defining Unicode char U+013E (decimal 318)
   defining Unicode char U+0141 (decimal 321)
   defining Unicode char U+0142 (decimal 322)
   defining Unicode char U+0143 (decimal 323)
   defining Unicode char U+0144 (decimal 324)
   defining Unicode char U+0147 (decimal 327)
   defining Unicode char U+0148 (decimal 328)
   defining Unicode char U+014A (decimal 330)
   defining Unicode char U+014B (decimal 331)
   defining Unicode char U+0150 (decimal 336)
   defining Unicode char U+0151 (decimal 337)
   defining Unicode char U+0152 (decimal 338)
   defining Unicode char U+0153 (decimal 339)
   defining Unicode char U+0154 (decimal 340)
   defining Unicode char U+0155 (decimal 341)
   defining Unicode char U+0158 (decimal 344)
   defining Unicode char U+0159 (decimal 345)
   defining Unicode char U+015A (decimal 346)
   defining Unicode char U+015B (decimal 347)
   defining Unicode char U+015E (decimal 350)
   defining Unicode char U+015F (decimal 351)
   defining Unicode char U+0160 (decimal 352)
   defining Unicode char U+0161 (decimal 353)
   defining Unicode char U+0162 (decimal 354)
   defining Unicode char U+0163 (decimal 355)
   defining Unicode char U+0164 (decimal 356)
   defining Unicode char U+0165 (decimal 357)
   defining Unicode char U+016E (decimal 366)
   defining Unicode char U+016F (decimal 367)
   defining Unicode char U+0170 (decimal 368)
   defining Unicode char U+0171 (decimal 369)
   defining Unicode char U+0178 (decimal 376)
   defining Unicode char U+0179 (decimal 377)
   defining Unicode char U+017A (decimal 378)
   defining Unicode char U+017B (decimal 379)
   defining Unicode char U+017C (decimal 380)
   defining Unicode char U+017D (decimal 381)
   defining Unicode char U+017E (decimal 382)
   defining Unicode char U+200C (decimal 8204)
   defining Unicode char U+2013 (decimal 8211)
   defining Unicode char U+2014 (decimal 8212)
   defining Unicode char U+2018 (decimal 8216)
   defining Unicode char U+2019 (decimal 8217)
   defining Unicode char U+201A (decimal 8218)
   defining Unicode char U+201C (decimal 8220)
   defining Unicode char U+201D (decimal 8221)
   defining Unicode char U+201E (decimal 8222)
   defining Unicode char U+2030 (decimal 8240)
   defining Unicode char U+2031 (decimal 8241)
   defining Unicode char U+2039 (decimal 8249)
   defining Unicode char U+203A (decimal 8250)
   defining Unicode char U+2423 (decimal 9251)
)
Now handling font encoding OT1 ...
... processing UTF-8 mapping file for font encoding OT1

(/usr/share/texmf-texlive/tex/latex/base/ot1enc.dfu
File: ot1enc.dfu 2008/04/05 v1.1m UTF-8 support for inputenc
   defining Unicode char U+00A1 (decimal 161)
   defining Unicode char U+00A3 (decimal 163)
   defining Unicode char U+00B8 (decimal 184)
   defining Unicode char U+00BF (decimal 191)
   defining Unicode char U+00C5 (decimal 197)
   defining Unicode char U+00C6 (decimal 198)
   defining Unicode char U+00D8 (decimal 216)
   defining Unicode char U+00DF (decimal 223)
   defining Unicode char U+00E6 (decimal 230)
   defining Unicode char U+00EC (decimal 236)
   defining Unicode char U+00ED (decimal 237)
   defining Unicode char U+00EE (decimal 238)
   defining Unicode char U+00EF (decimal 239)
   defining Unicode char U+00F8 (decimal 248)
   defining Unicode char U+0131 (decimal 305)
   defining Unicode char U+0141 (decimal 321)
   defining Unicode char U+0142 (decimal 322)
   defining Unicode char U+0152 (decimal 338)
   defining Unicode char U+0153 (decimal 339)
   defining Unicode char U+2013 (decimal 8211)
   defining Unicode char U+2014 (decimal 8212)
   defining Unicode char U+2018 (decimal 8216)
   defining Unicode char U+2019 (decimal 8217)
   defining Unicode char U+201C (decimal 8220)
   defining Unicode char U+201D (decimal 8221)
)
Now handling font encoding OMS ...
... processing UTF-8 mapping file for font encoding OMS

(/usr/share/texmf-texlive/tex/latex/base/omsenc.dfu
File: omsenc.dfu 2008/04/05 v1.1m UTF-8 support for inputenc
   defining Unicode char U+00A7 (decimal 167)
   defining Unicode char U+00B6 (decimal 182)
   defining Unicode char U+00B7 (decimal 183)
   defining Unicode char U+2020 (decimal 8224)
   defining Unicode char U+2021 (decimal 8225)
   defining Unicode char U+2022 (decimal 8226)
)
Now handling font encoding OMX ...
... no UTF-8 mapping file for font encoding OMX
Now handling font encoding U ...
... no UTF-8 mapping file for font encoding U
   defining Unicode char U+00A9 (decimal 169)
   defining Unicode char U+00AA (decimal 170)
   defining Unicode char U+00AE (decimal 174)
   defining Unicode char U+00BA (decimal 186)
   defining Unicode char U+02C6 (decimal 710)
   defining Unicode char U+02DC (decimal 732)
   defining Unicode char U+200C (decimal 8204)
   defining Unicode char U+2026 (decimal 8230)
   defining Unicode char U+2122 (decimal 8482)
   defining Unicode char U+2423 (decimal 9251)
))
(/usr/share/texmf-texlive/tex/generic/babel/babel.sty
Package: babel 2008/07/06 v3.8l The Babel package

(/usr/share/texmf-texlive/tex/generic/babel/spanish.ldf
Language: spanish.ldf 2009/01/02 v5.0h Spanish support from the babel system

(/usr/share/texmf-texlive/tex/generic/babel/babel.def
File: babel.def 2008/07/06 v3.8l Babel common definitions
\babel@savecnt=\count88
\U@D=\dimen103
)

Package babel Warning: No hyphenation patterns were loaded for
(babel)                the language `Spanish'
(babel)                I will use the patterns loaded for \language=0 instead.

\l@spanish = a dialect from \language0
\es@datefmt=\count89
\es@quottoks=\toks16
\es@quotdepth=\count90
Package babel Info: Making " an active character on input line 492.
Package babel Info: Making . an active character on input line 585.
Package babel Info: Making < an active character on input line 630.
Package babel Info: Making > an active character on input line 630.
)) (/usr/share/texmf-texlive/tex/latex/graphics/graphicx.sty
Package: graphicx 1999/02/16 v1.0f Enhanced LaTeX Graphics (DPC,SPQR)

(/usr/share/texmf-texlive/tex/latex/graphics/keyval.sty
Package: keyval 1999/03/16 v1.13 key=value parser (DPC)
\KV@toks@=\toks17
)
(/usr/share/texmf-texlive/tex/latex/graphics/graphics.sty
Package: graphics 2009/02/05 v1.0o Standard LaTeX Graphics (DPC,SPQR)

(/usr/share/texmf-texlive/tex/latex/graphics/trig.sty
Package: trig 1999/03/16 v1.09 sin cos tan (DPC)
)
(/etc/texmf/tex/latex/config/graphics.cfg
File: graphics.cfg 2009/08/28 v1.8 graphics configuration of TeX Live
)
Package graphics Info: Driver file: dvips.def on input line 91.

(/usr/share/texmf-texlive/tex/latex/graphics/dvips.def
File: dvips.def 1999/02/16 v3.0i Driver-dependant file (DPC,SPQR)
))
\Gin@req@height=\dimen104
\Gin@req@width=\dimen105
)
(/usr/share/texmf-texlive/tex/latex/graphics/epsfig.sty
Package: epsfig 1999/02/16 v1.7a (e)psfig emulation (SPQR)
\epsfxsize=\dimen106
\epsfysize=\dimen107
)
(/usr/share/texmf-texlive/tex/latex/base/alltt.sty
Package: alltt 1997/06/16 v2.0g defines alltt environment
) (./templates/algorithm.sty

LaTeX Warning: You have requested package `templates/algorithm',
               but the package provides `algorithm'.

Package: algorithm 
Document Style `algorithm' - floating environment
(/usr/share/texmf-texlive/tex/latex/float/float.sty
Package: float 2001/11/08 v1.3d Float enhancements (AL)
\c@float@type=\count91
\float@exts=\toks18
\float@box=\box26
\@float@everytoks=\toks19
\@floatcapt=\box27
)
(/usr/share/texmf-texlive/tex/latex/base/ifthen.sty
Package: ifthen 2001/05/26 v1.1c Standard LaTeX ifthen package (DPC)
)
\@float@every@algorithm=\toks20
\c@algorithm=\count92
)
(./templates/algorithmic.sty

LaTeX Warning: You have requested package `templates/algorithmic',
               but the package provides `algorithmic'.

Package: algorithmic 2006/06/02
Document Style `algorithmic' - environment
(/usr/share/texmf-texlive/tex/latex/tools/calc.sty
Package: calc 2007/08/22 v4.3 Infix arithmetic (KKT,FJ)
\calc@Acount=\count93
\calc@Bcount=\count94
\calc@Adimen=\dimen108
\calc@Bdimen=\dimen109
\calc@Askip=\skip43
\calc@Bskip=\skip44
LaTeX Info: Redefining \setlength on input line 76.
LaTeX Info: Redefining \addtolength on input line 77.
\calc@Ccount=\count95
\calc@Cskip=\skip45
)
\c@ALC@line=\count96
\c@ALC@rem=\count97
\c@ALC@depth=\count98
\ALC@tlm=\skip46
\algorithmicindent=\skip47
) (./templates/multirow.sty
\bigstrutjot=\dimen110
)

! LaTeX Error: Option clash for package inputenc.

See the LaTeX manual or LaTeX Companion for explanation.
Type  H <return>  for immediate help.
 ...                                              
                                                  
l.13 
     
? 
(/usr/share/texmf-texlive/tex/plain/amsfonts/amssym.def
\msafam=\mathgroup4
\msbfam=\mathgroup5
\eufmfam=\mathgroup6
) (./Trabajo.aux)
\openout1 = `Trabajo.aux'.

LaTeX Font Info:    Checking defaults for OML/cmm/m/it on input line 64.
LaTeX Font Info:    ... okay on input line 64.
LaTeX Font Info:    Checking defaults for T1/cmr/m/n on input line 64.
LaTeX Font Info:    ... okay on input line 64.
LaTeX Font Info:    Checking defaults for OT1/cmr/m/n on input line 64.
LaTeX Font Info:    ... okay on input line 64.
LaTeX Font Info:    Checking defaults for OMS/cmsy/m/n on input line 64.
LaTeX Font Info:    ... okay on input line 64.
LaTeX Font Info:    Checking defaults for OMX/cmex/m/n on input line 64.
LaTeX Font Info:    ... okay on input line 64.
LaTeX Font Info:    Checking defaults for U/cmr/m/n on input line 64.
LaTeX Font Info:    ... okay on input line 64.
File: images/logotipo-secundario-ULL.eps Graphic file (type eps)

<images/logotipo-secundario-ULL.eps>
LaTeX Font Info:    External font `cmex10' loaded for size
(Font)              <14.4> on input line 84.
LaTeX Font Info:    External font `cmex10' loaded for size
(Font)              <7> on input line 84.
LaTeX Font Info:    External font `cmex10' loaded for size
(Font)              <10.95> on input line 87.
LaTeX Font Info:    External font `cmex10' loaded for size
(Font)              <8> on input line 87.
LaTeX Font Info:    External font `cmex10' loaded for size
(Font)              <6> on input line 87.
 [1

] (./Trabajo.toc
Runaway argument?
{\numberline {1.1}Primera Secci
! Paragraph ended before \@dottedtocline was complete.
<to be read again> 
                   \par 
l.3 ...section}{\numberline {1.1}Primera Secci\par
                                                   }{1}
? 
! Extra }, or forgotten \endgroup.
l.3 ...ction}{\numberline {1.1}Primera Secci\par }
                                                  {1}
? 
Runaway argument?
{\numberline {1.2}Segunda Secci
! Paragraph ended before \@dottedtocline was complete.
<to be read again> 
                   \par 
l.4 ...section}{\numberline {1.2}Segunda Secci\par
                                                   }{1}
? 
! Extra }, or forgotten \endgroup.
l.4 ...ction}{\numberline {1.2}Segunda Secci\par }
                                                  {1}
? 

! LaTeX Error: Something's wrong--perhaps a missing \item.

See the LaTeX manual or LaTeX Companion for explanation.
Type  H <return>  for immediate help.
 ...                                              
                                                  
l.5 ...erline {2}Fundamentos te\IeC {\'o}ricos}{2}
                                                  
? 

! Package inputenc Error: Unicode char \u 8:\GenericError {(inputenc)          
      }{Package inputenc Error: Unicode char \u8:ónde not set up for use with L
aTeX}{See the inputenc package documentation for explanation.}{Your command was
 ignored.
(inputenc) Type  I <command> <return>  to replace it with another command,
(inputenc) or  <return>  to continue without it.} not set up for use with LaTeX
.

See the inputenc package documentation for explanation.
Type  H <return>  for immediate help.
 ...                                              
                                                  
l.9 ... continue without it.} los experimentos}{4}
                                                  
? 

! Package inputenc Error: Unicode char \u 8:\GenericError {(inputenc)          
      }{Package inputenc Error: Unicode char \u8:ónde not set up for use with L
aTeX}{See the inputenc package documentation for explanation.}{Your command was
 ignored.
(inputenc) Type  I <command> <return>  to replace it with another command,
(inputenc) or  <return>  to continue without it.} not set up for use with LaTeX
.

See the inputenc package documentation for explanation.
Type  H <return>  for immediate help.
 ...                                              
                                                  
l.10 ...rn> to continue without it.}l material}{4}
                                                  
? 

! Package inputenc Error: Unicode char \u 8:\GenericError {(inputenc)          
      }{Package inputenc Error: Unicode char \u8:áli not set up for use with La
TeX}{See the inputenc package documentation for explanation.}{Your command was 
ignored.
(inputenc) Type  I <command> <return>  to replace it with another command,
(inputenc) or  <return>  to continue without it.} not set up for use with LaTeX
.

See the inputenc package documentation for explanation.
Type  H <return>  for immediate help.
 ...                                              
                                                  
l.12 ...inue without it.}sis de los resultados}{5}
                                                  
? 
)
\tf@toc=\write3
\openout3 = `Trabajo.toc'.

 [1

] [2

] (./Trabajo.lof)
\tf@lof=\write4
\openout4 = `Trabajo.lof'.

 [3

] [4

] (./Trabajo.lot)
\tf@lot=\write5
\openout5 = `Trabajo.lot'.

 [5

] [6

]
Cap\'{\i }tulo 1.
(./tex/cap1.tex
! Argument of \UTFviii@four@octets has an extra }.
<inserted text> 
                \par 
l.9 \section{Primera Sección}
                             
? 
Runaway argument?
! Paragraph ended before \UTFviii@four@octets was complete.
<to be read again> 
                   \par 
l.9 \section{Primera Sección}
                             
? 
! Argument of \UTFviii@four@octets has an extra }.
<inserted text> 
                \par 
l.9 \section{Primera Sección}
                             
? 
Runaway argument?
! Paragraph ended before \UTFviii@four@octets was complete.
<to be read again> 
                   \par 
l.9 \section{Primera Sección}
                             
? 

! Package inputenc Error: Unicode char \u8:étr not set up for use with LaTeX.

See the inputenc package documentation for explanation.
Type  H <return>  for immediate help.
 ...                                              
                                                  
l.15 ...al definida entre dos puntos a y b.Geométr
                                                  icamente, es equivalente a...

? 

! Package inputenc Error: Unicode char \u8:áre not set up for use with LaTeX.

See the inputenc package documentation for explanation.
Type  H <return>  for immediate help.
 ...                                              
                                                  
l.15 ...camente, es equivalente a aproximar el áre
                                                  a del
? 

! Package inputenc Error: Unicode char \u8:íne not set up for use with LaTeX.

See the inputenc package documentation for explanation.
Type  H <return>  for immediate help.
 ...                                              
                                                  
l.16 trapezoide bajo la líne
                            a recta que conecta f(a) y f(b).
? 

! LaTeX Error: Cannot determine size of graphic in images/Regla-Trapecio.eps (n
o BoundingBox).

See the LaTeX manual or LaTeX Companion for explanation.
Type  H <return>  for immediate help.
 ...                                              
                                                  
l.19 ...0.25\textwidth]{images/Regla-Trapecio.eps}
                                                  
? 
File: images/Regla-Trapecio.eps Graphic file (type eps)
<images/Regla-Trapecio.eps>
! Argument of \UTFviii@four@octets has an extra }.
<inserted text> 
                \par 
l.24 \section{Segunda Sección}
                              
? 
Runaway argument?
! Paragraph ended before \UTFviii@four@octets was complete.
<to be read again> 
                   \par 
l.24 \section{Segunda Sección}
                              
? 
! Argument of \UTFviii@four@octets has an extra }.
<inserted text> 
                \par 
l.24 \section{Segunda Sección}
                              
? 
Runaway argument?
! Paragraph ended before \UTFviii@four@octets was complete.
<to be read again> 
                   \par 
l.24 \section{Segunda Sección}
                              
? 

! Package inputenc Error: Unicode char \u8:ónde not set up for use with LaTeX.

See the inputenc package documentation for explanation.
Type  H <return>  for immediate help.
 ...                                              
                                                  
l.28 Para la realización de
                            este trabajo emplearemos la funci\'on:
? 
! Undefined control sequence.
l.30   f(x)=\frac{1}{\sqrt(2\pi)} \quad\text
                                            {e}^{\frac{-x^2}{2}}
? 
) [1

]
Cap\'{\i }tulo 2.
(./tex/cap2.tex

! Package inputenc Error: Unicode char \u8:éto not set up for use with LaTeX.

See the inputenc package documentation for explanation.
Type  H <return>  for immediate help.
 ...                                              
                                                  
l.15 Este méto
              do integración numérica calcula aproximadamente el valor de la...

? 

! Package inputenc Error: Unicode char \u8:ónnu not set up for use with LaTeX.

See the inputenc package documentation for explanation.
Type  H <return>  for immediate help.
 ...                                              
                                                  
l.15 Este método integración nu
                               mérica calcula aproximadamente el valor de la...

? 

! Package inputenc Error: Unicode char \u8:éri not set up for use with LaTeX.

See the inputenc package documentation for explanation.
Type  H <return>  for immediate help.
 ...                                              
                                                  
l.15 Este método integración numéri
                                   ca calcula aproximadamente el valor de la...

? 

! Package inputenc Error: Unicode char \u8:ónli not set up for use with LaTeX.

See the inputenc package documentation for explanation.
Type  H <return>  for immediate help.
 ...                                              
                                                  
l.16 ...a integral de f(x) por el de la función li
                                                  neal que pasa
? 

! Package inputenc Error: Unicode char \u8:ésd not set up for use with LaTeX.

See the inputenc package documentation for explanation.
Type  H <return>  for immediate help.
 ...                                              
                                                  
l.17 a través d
               e los puntos(a,f(a)) y (b,f(b)). La integral de ésta es igual...

? 

! Package inputenc Error: Unicode char \u8:ést not set up for use with LaTeX.

See the inputenc package documentation for explanation.
Type  H <return>  for immediate help.
 ...                                              
                                                  
l.17 ...tos(a,f(a)) y (b,f(b)). La integral de ést
                                                  a es igual al área del
? 

! Package inputenc Error: Unicode char \u8:áre not set up for use with LaTeX.

See the inputenc package documentation for explanation.
Type  H <return>  for immediate help.
 ...                                              
                                                  
l.17 ...f(b)). La integral de ésta es igual al áre
                                                  a del
? 

! Package inputenc Error: Unicode char \u8:áfi not set up for use with LaTeX.

See the inputenc package documentation for explanation.
Type  H <return>  for immediate help.
 ...                                              
                                                  
l.18 trapecio bajo la gráfi
                           ca de la función lineal. Se sigue que:
? 

! Package inputenc Error: Unicode char \u8:ónli not set up for use with LaTeX.

See the inputenc package documentation for explanation.
Type  H <return>  for immediate help.
 ...                                              
                                                  
l.18 trapecio bajo la gráfica de la función li
                                              neal. Se sigue que:
? 

! Package inputenc Error: Unicode char \u8:ónpa not set up for use with LaTeX.

See the inputenc package documentation for explanation.
Type  H <return>  for immediate help.
 ...                                              
                                                  
l.22 Una estimación pa
                      ra el error de truncamiento local de una sola aplicaci...

? 

! Package inputenc Error: Unicode char \u8:ónde not set up for use with LaTeX.

See the inputenc package documentation for explanation.
Type  H <return>  for immediate help.
 ...                                              
                                                  
l.22 ...uncamiento local de una sola aplicación de
                                                   la regla trapezoidal es:
? 

! LaTeX Error: Cannot determine size of graphic in images/Regla-Trap-compuesta.
eps (no BoundingBox).

See the LaTeX manual or LaTeX Companion for explanation.
Type  H <return>  for immediate help.
 ...                                              
                                                  
l.32 ...25\textwidth]{images/Regla-Trap-compuesta}
                                                  
? 
File: images/Regla-Trap-compuesta.eps Graphic file (type eps)
<images/Regla-Trap-compuesta.eps>

! Package inputenc Error: Unicode char \u8:ónen not set up for use with LaTeX.

See the inputenc package documentation for explanation.
Type  H <return>  for immediate help.
 ...                                              
                                                  
l.38 el intervalo de integración en
                                   tre a y b en n subintervalos, cada uno de...

? 

! Package inputenc Error: Unicode char \u8:éto not set up for use with LaTeX.

See the inputenc package documentation for explanation.
Type  H <return>  for immediate help.
 ...                                              
                                                  
l.42 y aplicar el méto
                      do a cada uno de ellos. Las ecuaciones resultantes son...

? 

! Package inputenc Error: Unicode char \u8:órmu not set up for use with LaTeX.

See the inputenc package documentation for explanation.
Type  H <return>  for immediate help.
 ...                                              
                                                  
l.42 ... ecuaciones resultantes son llamadas fórmu
                                                  las
? 

! Package inputenc Error: Unicode char \u8:ónde not set up for use with LaTeX.

See the inputenc package documentation for explanation.
Type  H <return>  for immediate help.
 ...                                              
                                                  
l.43 de integración de
                       múltiple aplicación o compuestas.
? 

! Package inputenc Error: Keyboard character used is undefined
(inputenc)                in inputencoding `utf8'.

See the inputenc package documentation for explanation.
Type  H <return>  for immediate help.
 ...                                              
                                                  
l.43 de integración de mú
                         ltiple aplicación o compuestas.
? 

! Package inputenc Error: Unicode char \u8:ónoc not set up for use with LaTeX.

See the inputenc package documentation for explanation.
Type  H <return>  for immediate help.
 ...                                              
                                                  
l.43 de integración de múltiple aplicación o c
                                              ompuestas.
? 
[2

]) [3]
Cap\'{\i }tulo 3.
(./tex/cap3.tex

! Package inputenc Error: Unicode char \u8:ónde not set up for use with LaTeX.

See the inputenc package documentation for explanation.
Type  H <return>  for immediate help.
 ...                                              
                                                  
l.12 \section{Descripción de los experimentos}
                                              
? 

! Package inputenc Error: Unicode char \u8:ónde not set up for use with LaTeX.

See the inputenc package documentation for explanation.
Type  H <return>  for immediate help.
 ...                                              
                                                  
l.16 ...imento llevado a cabo es la realización de
                                                   la integral definida y la...

? 

! Package inputenc Error: Unicode char \u8:ónme not set up for use with LaTeX.

See the inputenc package documentation for explanation.
Type  H <return>  for immediate help.
 ...                                              
                                                  
l.17 me
       diante la regla del trapecio y la regla del trapecio compuesta. Ademá...

? 

! Package inputenc Error: Unicode char \u8:ásd not set up for use with LaTeX.

See the inputenc package documentation for explanation.
Type  H <return>  for immediate help.
 ...                                              
                                                  
l.17 ... la regla del trapecio compuesta. Además d
                                                  e conocer el error
? 
! Undefined control sequence.
l.21 \int_{-1}^{1} \frac{1}{sqrt(2\pi)} \quad\text
                                                  {e}^{\frac{-x^2}{2}}dx\app...

? 
! Undefined control sequence.
l.25 \int_{-1}^{} \frac{1}{sqrt(2\pi)} \quad\text
                                                 {e}^{\frac{-x^2}{2}}dx\appr...

? 
! Undefined control sequence.
l.32 \int_{-1}^{1} \frac{1}{sqrt(2\pi)} \quad\text
                                                  {e}^{\frac{-x^2}{2}}dx\app...

? 
! Undefined control sequence.
<recently read> \Etsilon 
                         
l.35 Tomando $\Etsilon
                      $ con un valor de   , el error de truncamiento es:
? 

! Package inputenc Error: Unicode char \u8:ónde not set up for use with LaTeX.

See the inputenc package documentation for explanation.
Type  H <return>  for immediate help.
 ...                                              
                                                  
l.39 \section{Descripción del material}
                                       
? 

! Package inputenc Error: Unicode char \u8:ónde not set up for use with LaTeX.

See the inputenc package documentation for explanation.
Type  H <return>  for immediate help.
 ...                                              
                                                  
l.43 ... que hemos empleado para la realización de
                                                   este proyecto es el lengu...

? 

! Package inputenc Error: Unicode char \u8:ónPy not set up for use with LaTeX.

See the inputenc package documentation for explanation.
Type  H <return>  for immediate help.
 ...                                              
                                                  
l.44 programación Py
                    thon, para la creación de los programas que verifican es...

? 

! Package inputenc Error: Unicode char \u8:ónde not set up for use with LaTeX.

See the inputenc package documentation for explanation.
Type  H <return>  for immediate help.
 ...                                              
                                                  
l.44 programación Python, para la creación de
                                              los programas que verifican es...

? 

! Package inputenc Error: Unicode char \u8:éto not set up for use with LaTeX.

See the inputenc package documentation for explanation.
Type  H <return>  for immediate help.
 ...                                              
                                                  
l.44 ...n de los programas que verifican este méto
                                                  do de integración,
? 

! Package inputenc Error: Unicode char \u8:ón,y not set up for use with LaTeX.

See the inputenc package documentation for explanation.
Type  H <return>  for immediate help.
 ...                                              
                                                  
l.45 y
       el sistema de composición de textos \LaTeX para el diseño del proyecto.
? 

! Package inputenc Error: Unicode char \u8:ónde not set up for use with LaTeX.

See the inputenc package documentation for explanation.
Type  H <return>  for immediate help.
 ...                                              
                                                  
l.45 y el sistema de composición de
                                    textos \LaTeX para el diseño del proyecto.
? 

! Package inputenc Error: Unicode char \u8:ñode not set up for use with LaTeX.

See the inputenc package documentation for explanation.
Type  H <return>  for immediate help.
 ...                                              
                                                  
l.45 ...osición de textos \LaTeX para el diseño de
                                                  l proyecto.
? 
! Undefined control sequence.
l.56 ..._{-1}^{1} \frac{1}{\sqrt(2\pi)} \quad\text
                                                  {e}^{\frac{-x^2}{2}}dx\app...

? 
[4

]
! Undefined control sequence.
l.60 ..._{-1}^{1} \frac{1}{\sqrt(2\pi)} \quad\text
                                                  {e}^{\frac{-x^2}{2}}dx\app...

? 
! Undefined control sequence.
l.64 ..._{-1}^{1} \frac{1}{\sqrt(2\pi)} \quad\text
                                                  {e}^{\frac{-x^2}{2}}dx\app...

? 
(./tables/table.tex)

! Package inputenc Error: Unicode char \u8:áli not set up for use with LaTeX.

See the inputenc package documentation for explanation.
Type  H <return>  for immediate help.
 ...                                              
                                                  
l.80 \section{Análisis de los resultados}
                                         
? 
) [5]
Cap\'{\i }tulo 4.
(./tex/cap4.tex) [6

]
Ap\'{e}ndice A.
(./tex/apendice1.tex) [7


]
Ap\'{e}ndice B.
(./tex/apendice2.tex)
No file Trabajo.bbl.
[8

] (./Trabajo.aux) ) 
Here is how much of TeX's memory you used:
 1910 strings out of 495062
 22339 string characters out of 1182644
 76282 words of memory out of 3000000
 5036 multiletter control sequences out of 15000+50000
 12532 words of font info for 46 fonts, out of 3000000 for 9000
 28 hyphenation exceptions out of 8191
 25i,9n,27p,940b,303s stack positions out of 5000i,500n,10000p,200000b,50000s

Output written on Trabajo.dvi (15 pages, 15688 bytes).
